ERROR 2020-12-06 20:06:50,818 root : lab3: something going wrong: HTTPConnectionPool(host='localhost', port=8000): Max retries exceeded with url: /health (Caused by NewConnectionError('<urllib3.connection.HTTPConnection object at 0x7fd1e21eeb80>: Failed to establish a new connection: [Errno 111] Connection refused'))
ERROR 2020-12-06 20:07:50,887 root : lab3: something going wrong: HTTPConnectionPool(host='localhost', port=8000): Max retries exceeded with url: /health (Caused by NewConnectionError('<urllib3.connection.HTTPConnection object at 0x7fd1e219b490>: Failed to establish a new connection: [Errno 111] Connection refused'))
ERROR 2020-12-06 20:08:50,954 root : lab3: something going wrong: HTTPConnectionPool(host='localhost', port=8000): Max retries exceeded with url: /health (Caused by NewConnectionError('<urllib3.connection.HTTPConnection object at 0x7fd1e219bca0>: Failed to establish a new connection: [Errno 111] Connection refused'))
INFO 2020-12-06 20:09:51,090 root : Сервер доступний. Час на сервері: Sun, 06 Dec 2020 20:09:51 +0000
INFO 2020-12-06 20:09:51,091 root : Запитувана сторінка: : /health/
INFO 2020-12-06 20:09:51,092 root : Відповідь сервера місти наступні поля:
INFO 2020-12-06 20:09:51,092 root : Ключ: date, Значення: Sun, 06 Dec 2020 20:09:51 +0000
INFO 2020-12-06 20:09:51,093 root : Ключ: current_page, Значення: /health/
INFO 2020-12-06 20:09:51,093 root : Ключ: server_info, Значення: posix
INFO 2020-12-06 20:09:51,094 root : Ключ: client_info, Значення: 59ad54412303
INFO 2020-12-06 20:10:51,142 root : Сервер доступний. Час на сервері: Sun, 06 Dec 2020 20:10:51 +0000
INFO 2020-12-06 20:10:51,142 root : Запитувана сторінка: : /health/
INFO 2020-12-06 20:10:51,142 root : Відповідь сервера місти наступні поля:
INFO 2020-12-06 20:10:51,142 root : Ключ: date, Значення: Sun, 06 Dec 2020 20:10:51 +0000
INFO 2020-12-06 20:10:51,143 root : Ключ: current_page, Значення: /health/
INFO 2020-12-06 20:10:51,143 root : Ключ: server_info, Значення: posix
INFO 2020-12-06 20:10:51,143 root : Ключ: client_info, Значення: 59ad54412303
INFO 2020-12-06 20:11:51,229 root : Сервер доступний. Час на сервері: Sun, 06 Dec 2020 20:11:51 +0000
INFO 2020-12-06 20:11:51,231 root : Запитувана сторінка: : /health/
INFO 2020-12-06 20:11:51,232 root : Відповідь сервера місти наступні поля:
INFO 2020-12-06 20:11:51,232 root : Ключ: date, Значення: Sun, 06 Dec 2020 20:11:51 +0000
INFO 2020-12-06 20:11:51,232 root : Ключ: current_page, Значення: /health/
INFO 2020-12-06 20:11:51,232 root : Ключ: server_info, Значення: posix
INFO 2020-12-06 20:11:51,232 root : Ключ: client_info, Значення: 59ad54412303
